Using pre-set license
Built from '2020.2/release' branch; Version is '2020.2.1f1 (270dd8c3da1c) revision 2559448'; Using compiler version '192528614'; Build Type 'Release'
OS: 'Windows 10  (10.0.0) 64bit' Language: 'fr' Physical Memory: 8130 MB
BatchMode: 1, IsHumanControllingUs: 0, StartBugReporterOnCrash: 0, Is64bit: 1, IsPro: 0

 COMMAND LINE ARGUMENTS:
C:\Program Files\Unity\Hub\Editor\2020.2.1f1\Editor\Unity.exe
-adb2
-batchMode
-noUpm
-name
AssetImportWorker0
-projectPath
D:/Unity Projects/TamaGo/TamaGo
-logFile
Logs/AssetImportWorker0.log
-srvPort
63033
Successfully changed project path to: D:/Unity Projects/TamaGo/TamaGo
D:/Unity Projects/TamaGo/TamaGo
Using Asset Import Pipeline V2.
Refreshing native plugins compatible for Editor in 99.73 ms, found 4 plugins.
Preloading 0 native plugins for Editor in 0.00 ms.
Initialize engine version: 2020.2.1f1 (270dd8c3da1c)
[Subsystems] Discovering subsystems at path C:/Program Files/Unity/Hub/Editor/2020.2.1f1/Editor/Data/Resources/UnitySubsystems
[Subsystems] Discovering subsystems at path D:/Unity Projects/TamaGo/TamaGo/Assets
GfxDevice: creating device client; threaded=0
Direct3D:
    Version:  Direct3D 11.0 [level 11.1]
    Renderer: NVIDIA GeForce GTX 970M (ID=0x1618)
    Vendor:   
    VRAM:     3038 MB
    Driver:   23.21.13.8873
Shader 'Universal Render Pipeline/Particles/Lit': fallback shader 'Universal Render Pipeline/Particles/SimpleLit' not found
Initialize mono
Mono path[0] = 'C:/Program Files/Unity/Hub/Editor/2020.2.1f1/Editor/Data/Managed'
Mono path[1] = 'C:/Program Files/Unity/Hub/Editor/2020.2.1f1/Editor/Data/MonoBleedingEdge/lib/mono/unityjit'
Mono config path = 'C:/Program Files/Unity/Hub/Editor/2020.2.1f1/Editor/Data/MonoBleedingEdge/etc'
Using monoOptions --debugger-agent=transport=dt_socket,embedding=1,server=y,suspend=n,address=127.0.0.1:56120
Begin MonoManager ReloadAssembly
Registering precompiled unity dll's ...
Register platform support module: C:/Program Files/Unity/Hub/Editor/2020.2.1f1/Editor/Data/PlaybackEngines/WindowsStandaloneSupport/UnityEditor.WindowsStandalone.Extensions.dll
Registered in 0.001893 seconds.
Native extension for WindowsStandalone target not found
Refreshing native plugins compatible for Editor in 83.97 ms, found 4 plugins.
Preloading 0 native plugins for Editor in 0.00 ms.
Invoked RoslynAnalysisRunner static constructor.
RoslynAnalysisRunner will not be running.
RoslynAnalysisRunner has terminated.
Mono: successfully reloaded assembly
- Completed reload, in  4.196 seconds
Platform modules already initialized, skipping
Registering precompiled user dll's ...
Registered in 0.010374 seconds.
Begin MonoManager ReloadAssembly
Native extension for WindowsStandalone target not found
Refreshing native plugins compatible for Editor in 92.35 ms, found 4 plugins.
Preloading 0 native plugins for Editor in 0.00 ms.
Invoked RoslynAnalysisRunner static constructor.
RoslynAnalysisRunner will not be running.
RoslynAnalysisRunner has terminated.
Mono: successfully reloaded assembly
Fallback handler could not load library C:/Program Files/Unity/Hub/Editor/2020.2.1f1/Editor/Data/Mono/lib/libdl
Fallback handler could not load library C:/Program Files/Unity/Hub/Editor/2020.2.1f1/Editor/Data/Mono/lib/libdl.dll
Fallback handler could not load library C:/Program Files/Unity/Hub/Editor/2020.2.1f1/Editor/Data/Mono/lib/libdl
Fallback handler could not load library C:/Program Files/Unity/Hub/Editor/2020.2.1f1/Editor/Data/Mono/lib/libdl
Fallback handler could not load library C:/Program Files/Unity/Hub/Editor/2020.2.1f1/Editor/Data/Mono/lib/libdl.dll
Fallback handler could not load library C:/Program Files/Unity/Hub/Editor/2020.2.1f1/Editor/Data/Mono/lib/libdl
- Completed reload, in  2.509 seconds
Platform modules already initialized, skipping
========================================================================
Worker process is ready to serve import requests
Shader 'Universal Render Pipeline/Particles/Lit': fallback shader 'Universal Render Pipeline/Particles/SimpleLit' not found
Launched and connected shader compiler UnityShaderCompiler.exe after 0.15 seconds
Refreshing native plugins compatible for Editor in 3.05 ms, found 4 plugins.
Preloading 0 native plugins for Editor in 0.00 ms.
Unloading 2958 Unused Serialized files (Serialized files now loaded: 0)
System memory in use before: 138.1 MB.
System memory in use after: 138.2 MB.

Unloading 58 unused Assets to reduce memory usage. Loaded Objects now: 3406.
Total: 7.262300 ms (FindLiveObjects: 1.742400 ms CreateObjectMapping: 0.632300 ms MarkObjects: 4.769000 ms  DeleteObjects: 0.112800 ms)

========================================================================
Received Import Request.
  path: Assets/Readme.asset
  artifactKey: Guid(83c2ed844a8c74b779a4c823d16594b1) Importer(815301076,1909f56bfc062723c751e8b465ee728b)
Start importing Assets/Readme.asset using Guid(83c2ed844a8c74b779a4c823d16594b1) Importer(815301076,1909f56bfc062723c751e8b465ee728b)  -> (artifact id: '0cd0f0d02bc85cf85b20d2bcdb18831b') in 0.450187 seconds
  Import took 0.471617 seconds .

========================================================================
Received Import Request.
  Time since last request: 29.657455 seconds.
  path: Assets/01_Assets
  artifactKey: Guid(b36f230dd60427f44913369d4b76d207) Importer(815301076,1909f56bfc062723c751e8b465ee728b)
Start importing Assets/01_Assets using Guid(b36f230dd60427f44913369d4b76d207) Importer(815301076,1909f56bfc062723c751e8b465ee728b)  -> (artifact id: '845bd31c1bf892204e3b1729b4c03eab') in 0.026719 seconds
  Import took 0.039614 seconds .

========================================================================
Received Import Request.
  Time since last request: 8.347703 seconds.
  path: Assets/00_Scenes
  artifactKey: Guid(b67d06fbb3e9e1d48a65a4752c1be7c2) Importer(815301076,1909f56bfc062723c751e8b465ee728b)
Start importing Assets/00_Scenes using Guid(b67d06fbb3e9e1d48a65a4752c1be7c2) Importer(815301076,1909f56bfc062723c751e8b465ee728b)  -> (artifact id: '6e1be8efd371f1dadc899315340b6acf') in 0.024559 seconds
  Import took 0.044392 seconds .

========================================================================
Received Import Request.
  Time since last request: 22.875090 seconds.
  path: Assets/00_Scenes/Main.unity
  artifactKey: Guid(15699ac376dbdf04299fb4e3e28255bf) Importer(815301076,1909f56bfc062723c751e8b465ee728b)
Start importing Assets/00_Scenes/Main.unity using Guid(15699ac376dbdf04299fb4e3e28255bf) Importer(815301076,1909f56bfc062723c751e8b465ee728b)  -> (artifact id: '84adc98efaf3ddfa557632f80af5dc9e') in 0.019637 seconds
  Import took 0.033698 seconds .

========================================================================
Received Import Request.
  Time since last request: 216.845794 seconds.
  path: Assets/06_Scripts/Lib/TileManager.cs
  artifactKey: Guid(843bc71942394914093b8d690aa7c738) Importer(815301076,1909f56bfc062723c751e8b465ee728b)
Start importing Assets/06_Scripts/Lib/TileManager.cs using Guid(843bc71942394914093b8d690aa7c738) Importer(815301076,1909f56bfc062723c751e8b465ee728b)  -> (artifact id: '92281ebc29533c49ade14043b600b575') in 0.456791 seconds
  Import took 0.772576 seconds .

========================================================================
Received Prepare
Registering precompiled user dll's ...
Registered in 0.011831 seconds.
Begin MonoManager ReloadAssembly
Fallback handler could not load library C:/Program Files/Unity/Hub/Editor/2020.2.1f1/Editor/Data/Mono/lib/libdl
Fallback handler could not load library C:/Program Files/Unity/Hub/Editor/2020.2.1f1/Editor/Data/Mono/lib/libdl.dll
Fallback handler could not load library C:/Program Files/Unity/Hub/Editor/2020.2.1f1/Editor/Data/Mono/lib/libdl
Native extension for WindowsStandalone target not found
Refreshing native plugins compatible for Editor in 2.43 ms, found 4 plugins.
Preloading 0 native plugins for Editor in 0.00 ms.
Invoked RoslynAnalysisRunner static constructor.
RoslynAnalysisRunner will not be running.
RoslynAnalysisRunner has terminated.
Mono: successfully reloaded assembly
Fallback handler could not load library C:/Program Files/Unity/Hub/Editor/2020.2.1f1/Editor/Data/Mono/lib/libdl
Fallback handler could not load library C:/Program Files/Unity/Hub/Editor/2020.2.1f1/Editor/Data/Mono/lib/libdl.dll
Fallback handler could not load library C:/Program Files/Unity/Hub/Editor/2020.2.1f1/Editor/Data/Mono/lib/libdl
Fallback handler could not load library C:/Program Files/Unity/Hub/Editor/2020.2.1f1/Editor/Data/Mono/lib/libdl
Fallback handler could not load library C:/Program Files/Unity/Hub/Editor/2020.2.1f1/Editor/Data/Mono/lib/libdl.dll
Fallback handler could not load library C:/Program Files/Unity/Hub/Editor/2020.2.1f1/Editor/Data/Mono/lib/libdl
- Completed reload, in  2.735 seconds
Platform modules already initialized, skipping
Shader 'Universal Render Pipeline/Particles/Lit': fallback shader 'Universal Render Pipeline/Particles/SimpleLit' not found
Refreshing native plugins compatible for Editor in 1.58 ms, found 4 plugins.
Preloading 0 native plugins for Editor in 0.00 ms.
Unloading 2774 Unused Serialized files (Serialized files now loaded: 0)
System memory in use before: 127.2 MB.
System memory in use after: 127.4 MB.

Unloading 53 unused Assets to reduce memory usage. Loaded Objects now: 3408.
Total: 10.152100 ms (FindLiveObjects: 2.222100 ms CreateObjectMapping: 1.069100 ms MarkObjects: 6.703500 ms  DeleteObjects: 0.151700 ms)

========================================================================
Received Import Request.
  Time since last request: 1865.209971 seconds.
  path: Assets/06_Scripts/GameSpecifics
  artifactKey: Guid(0ef700971dc9e2e4dab0ec8f5f28b689) Importer(815301076,1909f56bfc062723c751e8b465ee728b)
Start importing Assets/06_Scripts/GameSpecifics using Guid(0ef700971dc9e2e4dab0ec8f5f28b689) Importer(815301076,1909f56bfc062723c751e8b465ee728b)  -> (artifact id: '83e19e57ca50846c5ed88d73258d40cd') in 0.034547 seconds
  Import took 0.065243 seconds .

========================================================================
Received Import Request.
  Time since last request: 4.179107 seconds.
  path: Assets/06_Scripts/Lib
  artifactKey: Guid(429ff969328abb441b8cfed7a654d474) Importer(815301076,1909f56bfc062723c751e8b465ee728b)
Start importing Assets/06_Scripts/Lib using Guid(429ff969328abb441b8cfed7a654d474) Importer(815301076,1909f56bfc062723c751e8b465ee728b)  -> (artifact id: '9635050dc2836a44f608969a1a7ec973') in 0.099382 seconds
  Import took 0.130125 seconds .

========================================================================
Received Import Request.
  Time since last request: 9.839882 seconds.
  path: Assets/06_Scripts/Lib/GameManager.cs
  artifactKey: Guid(8a2ea3e33f595914793ee6a38502c89e) Importer(815301076,1909f56bfc062723c751e8b465ee728b)
Start importing Assets/06_Scripts/Lib/GameManager.cs using Guid(8a2ea3e33f595914793ee6a38502c89e) Importer(815301076,1909f56bfc062723c751e8b465ee728b)  -> (artifact id: '71744120848edb5ccac469064c3faffb') in 0.062837 seconds
  Import took 0.083987 seconds .

========================================================================
Received Prepare
Registering precompiled user dll's ...
Registered in 0.035661 seconds.
Begin MonoManager ReloadAssembly
Fallback handler could not load library C:/Program Files/Unity/Hub/Editor/2020.2.1f1/Editor/Data/Mono/lib/libdl
Fallback handler could not load library C:/Program Files/Unity/Hub/Editor/2020.2.1f1/Editor/Data/Mono/lib/libdl.dll
Fallback handler could not load library C:/Program Files/Unity/Hub/Editor/2020.2.1f1/Editor/Data/Mono/lib/libdl
Native extension for WindowsStandalone target not found
Refreshing native plugins compatible for Editor in 2.93 ms, found 4 plugins.
Preloading 0 native plugins for Editor in 0.00 ms.
Invoked RoslynAnalysisRunner static constructor.
RoslynAnalysisRunner will not be running.
RoslynAnalysisRunner has terminated.
Mono: successfully reloaded assembly
Fallback handler could not load library C:/Program Files/Unity/Hub/Editor/2020.2.1f1/Editor/Data/Mono/lib/libdl
Fallback handler could not load library C:/Program Files/Unity/Hub/Editor/2020.2.1f1/Editor/Data/Mono/lib/libdl.dll
Fallback handler could not load library C:/Program Files/Unity/Hub/Editor/2020.2.1f1/Editor/Data/Mono/lib/libdl
Fallback handler could not load library C:/Program Files/Unity/Hub/Editor/2020.2.1f1/Editor/Data/Mono/lib/libdl
Fallback handler could not load library C:/Program Files/Unity/Hub/Editor/2020.2.1f1/Editor/Data/Mono/lib/libdl.dll
Fallback handler could not load library C:/Program Files/Unity/Hub/Editor/2020.2.1f1/Editor/Data/Mono/lib/libdl
- Completed reload, in  8.175 seconds
Platform modules already initialized, skipping
Shader 'Universal Render Pipeline/Particles/Lit': fallback shader 'Universal Render Pipeline/Particles/SimpleLit' not found
Refreshing native plugins compatible for Editor in 142.99 ms, found 4 plugins.
Preloading 0 native plugins for Editor in 0.00 ms.
Unloading 2774 Unused Serialized files (Serialized files now loaded: 0)
System memory in use before: 127.2 MB.
System memory in use after: 127.4 MB.

Unloading 53 unused Assets to reduce memory usage. Loaded Objects now: 3410.
Total: 156.973600 ms (FindLiveObjects: 3.559800 ms CreateObjectMapping: 0.438100 ms MarkObjects: 151.398500 ms  DeleteObjects: 1.571100 ms)

========================================================================
Received Prepare
Registering precompiled user dll's ...
Registered in 0.025043 seconds.
Begin MonoManager ReloadAssembly
Fallback handler could not load library C:/Program Files/Unity/Hub/Editor/2020.2.1f1/Editor/Data/Mono/lib/libdl
Fallback handler could not load library C:/Program Files/Unity/Hub/Editor/2020.2.1f1/Editor/Data/Mono/lib/libdl.dll
Fallback handler could not load library C:/Program Files/Unity/Hub/Editor/2020.2.1f1/Editor/Data/Mono/lib/libdl
Native extension for WindowsStandalone target not found
Refreshing native plugins compatible for Editor in 1.21 ms, found 4 plugins.
Preloading 0 native plugins for Editor in 0.00 ms.
Invoked RoslynAnalysisRunner static constructor.
RoslynAnalysisRunner will not be running.
RoslynAnalysisRunner has terminated.
Mono: successfully reloaded assembly
Fallback handler could not load library C:/Program Files/Unity/Hub/Editor/2020.2.1f1/Editor/Data/Mono/lib/libdl
Fallback handler could not load library C:/Program Files/Unity/Hub/Editor/2020.2.1f1/Editor/Data/Mono/lib/libdl.dll
Fallback handler could not load library C:/Program Files/Unity/Hub/Editor/2020.2.1f1/Editor/Data/Mono/lib/libdl
Fallback handler could not load library C:/Program Files/Unity/Hub/Editor/2020.2.1f1/Editor/Data/Mono/lib/libdl
Fallback handler could not load library C:/Program Files/Unity/Hub/Editor/2020.2.1f1/Editor/Data/Mono/lib/libdl.dll
Fallback handler could not load library C:/Program Files/Unity/Hub/Editor/2020.2.1f1/Editor/Data/Mono/lib/libdl
- Completed reload, in  2.578 seconds
Platform modules already initialized, skipping
Shader 'Universal Render Pipeline/Particles/Lit': fallback shader 'Universal Render Pipeline/Particles/SimpleLit' not found
Refreshing native plugins compatible for Editor in 0.95 ms, found 4 plugins.
Preloading 0 native plugins for Editor in 0.00 ms.
Unloading 2774 Unused Serialized files (Serialized files now loaded: 0)
System memory in use before: 127.3 MB.
System memory in use after: 127.5 MB.

Unloading 53 unused Assets to reduce memory usage. Loaded Objects now: 3412.
Total: 50.664900 ms (FindLiveObjects: 0.412700 ms CreateObjectMapping: 0.169300 ms MarkObjects: 49.928300 ms  DeleteObjects: 0.152700 ms)

========================================================================
Received Import Request.
  Time since last request: 86348.483472 seconds.
  path: Assets/06_Scripts/GameSpecifics/Characteristics.cs
  artifactKey: Guid(456229038923d854ba6b539ebff5bcdf) Importer(815301076,1909f56bfc062723c751e8b465ee728b)
Start importing Assets/06_Scripts/GameSpecifics/Characteristics.cs using Guid(456229038923d854ba6b539ebff5bcdf) Importer(815301076,1909f56bfc062723c751e8b465ee728b)  -> (artifact id: '78246c1e1231adecbfe6260283396eb5') in 0.042056 seconds
  Import took 0.116383 seconds .

========================================================================
Received Prepare
Registering precompiled user dll's ...
Registered in 0.283779 seconds.
Begin MonoManager ReloadAssembly
Fallback handler could not load library C:/Program Files/Unity/Hub/Editor/2020.2.1f1/Editor/Data/Mono/lib/libdl
Fallback handler could not load library C:/Program Files/Unity/Hub/Editor/2020.2.1f1/Editor/Data/Mono/lib/libdl.dll
Fallback handler could not load library C:/Program Files/Unity/Hub/Editor/2020.2.1f1/Editor/Data/Mono/lib/libdl
Native extension for WindowsStandalone target not found
Refreshing native plugins compatible for Editor in 1.00 ms, found 4 plugins.
Preloading 0 native plugins for Editor in 0.00 ms.
Invoked RoslynAnalysisRunner static constructor.
RoslynAnalysisRunner will not be running.
RoslynAnalysisRunner has terminated.
Mono: successfully reloaded assembly
Fallback handler could not load library C:/Program Files/Unity/Hub/Editor/2020.2.1f1/Editor/Data/Mono/lib/libdl
Fallback handler could not load library C:/Program Files/Unity/Hub/Editor/2020.2.1f1/Editor/Data/Mono/lib/libdl.dll
Fallback handler could not load library C:/Program Files/Unity/Hub/Editor/2020.2.1f1/Editor/Data/Mono/lib/libdl
Fallback handler could not load library C:/Program Files/Unity/Hub/Editor/2020.2.1f1/Editor/Data/Mono/lib/libdl
Fallback handler could not load library C:/Program Files/Unity/Hub/Editor/2020.2.1f1/Editor/Data/Mono/lib/libdl.dll
Fallback handler could not load library C:/Program Files/Unity/Hub/Editor/2020.2.1f1/Editor/Data/Mono/lib/libdl
- Completed reload, in  1.745 seconds
Platform modules already initialized, skipping
Shader 'Universal Render Pipeline/Particles/Lit': fallback shader 'Universal Render Pipeline/Particles/SimpleLit' not found
Refreshing native plugins compatible for Editor in 1.33 ms, found 4 plugins.
Preloading 0 native plugins for Editor in 0.00 ms.
Unloading 2775 Unused Serialized files (Serialized files now loaded: 0)
System memory in use before: 127.3 MB.
System memory in use after: 127.5 MB.

Unloading 53 unused Assets to reduce memory usage. Loaded Objects now: 3415.
Total: 7.757600 ms (FindLiveObjects: 0.706200 ms CreateObjectMapping: 0.436300 ms MarkObjects: 6.234200 ms  DeleteObjects: 0.378400 ms)

========================================================================
Received Import Request.
  Time since last request: 1067.768451 seconds.
  path: Assets/06_Scripts/GameSpecifics/Characteristics.cs
  artifactKey: Guid(456229038923d854ba6b539ebff5bcdf) Importer(815301076,1909f56bfc062723c751e8b465ee728b)
Start importing Assets/06_Scripts/GameSpecifics/Characteristics.cs using Guid(456229038923d854ba6b539ebff5bcdf) Importer(815301076,1909f56bfc062723c751e8b465ee728b)  -> (artifact id: '094056669c693a9db31b8bb017732b80') in 0.043360 seconds
  Import took 0.075170 seconds .

========================================================================
Received Import Request.
  Time since last request: 70.901848 seconds.
  path: Assets/06_Scripts/GameSpecifics/Characteristics.cs
  artifactKey: Guid(456229038923d854ba6b539ebff5bcdf) Importer(815301076,1909f56bfc062723c751e8b465ee728b)
Start importing Assets/06_Scripts/GameSpecifics/Characteristics.cs using Guid(456229038923d854ba6b539ebff5bcdf) Importer(815301076,1909f56bfc062723c751e8b465ee728b)  -> (artifact id: 'df6ff444cdf509c76782e3078d3bb69b') in 0.002418 seconds
  Import took 0.046335 seconds .

========================================================================
Received Prepare
Registering precompiled user dll's ...
Registered in 0.217096 seconds.
Begin MonoManager ReloadAssembly
Fallback handler could not load library C:/Program Files/Unity/Hub/Editor/2020.2.1f1/Editor/Data/Mono/lib/libdl
Fallback handler could not load library C:/Program Files/Unity/Hub/Editor/2020.2.1f1/Editor/Data/Mono/lib/libdl.dll
Fallback handler could not load library C:/Program Files/Unity/Hub/Editor/2020.2.1f1/Editor/Data/Mono/lib/libdl
Native extension for WindowsStandalone target not found
Refreshing native plugins compatible for Editor in 0.90 ms, found 4 plugins.
Preloading 0 native plugins for Editor in 0.00 ms.
Invoked RoslynAnalysisRunner static constructor.
RoslynAnalysisRunner will not be running.
RoslynAnalysisRunner has terminated.
Mono: successfully reloaded assembly
Fallback handler could not load library C:/Program Files/Unity/Hub/Editor/2020.2.1f1/Editor/Data/Mono/lib/libdl
Fallback handler could not load library C:/Program Files/Unity/Hub/Editor/2020.2.1f1/Editor/Data/Mono/lib/libdl.dll
Fallback handler could not load library C:/Program Files/Unity/Hub/Editor/2020.2.1f1/Editor/Data/Mono/lib/libdl
Fallback handler could not load library C:/Program Files/Unity/Hub/Editor/2020.2.1f1/Editor/Data/Mono/lib/libdl
Fallback handler could not load library C:/Program Files/Unity/Hub/Editor/2020.2.1f1/Editor/Data/Mono/lib/libdl.dll
Fallback handler could not load library C:/Program Files/Unity/Hub/Editor/2020.2.1f1/Editor/Data/Mono/lib/libdl
- Completed reload, in  1.424 seconds
Platform modules already initialized, skipping
Shader 'Universal Render Pipeline/Particles/Lit': fallback shader 'Universal Render Pipeline/Particles/SimpleLit' not found
Refreshing native plugins compatible for Editor in 1.00 ms, found 4 plugins.
Preloading 0 native plugins for Editor in 0.00 ms.
Unloading 2775 Unused Serialized files (Serialized files now loaded: 0)
System memory in use before: 127.3 MB.
System memory in use after: 127.5 MB.

Unloading 53 unused Assets to reduce memory usage. Loaded Objects now: 3417.
Total: 2.855500 ms (FindLiveObjects: 0.307400 ms CreateObjectMapping: 0.158000 ms MarkObjects: 2.268400 ms  DeleteObjects: 0.120600 ms)

========================================================================
Received Import Request.
  Time since last request: 337.519776 seconds.
  path: Assets/06_Scripts/GameSpecifics/Characteristics.cs
  artifactKey: Guid(456229038923d854ba6b539ebff5bcdf) Importer(815301076,1909f56bfc062723c751e8b465ee728b)
Start importing Assets/06_Scripts/GameSpecifics/Characteristics.cs using Guid(456229038923d854ba6b539ebff5bcdf) Importer(815301076,1909f56bfc062723c751e8b465ee728b)  -> (artifact id: '4cd6e3c0c7714122e525036ad5ab07c3') in 0.011762 seconds
  Import took 0.055016 seconds .

========================================================================
Received Import Request.
  Time since last request: 0.158299 seconds.
  path: Assets/06_Scripts/GameSpecifics/Characteristics.cs
  artifactKey: Guid(456229038923d854ba6b539ebff5bcdf) Importer(815301076,1909f56bfc062723c751e8b465ee728b)
Start importing Assets/06_Scripts/GameSpecifics/Characteristics.cs using Guid(456229038923d854ba6b539ebff5bcdf) Importer(815301076,1909f56bfc062723c751e8b465ee728b)  -> (artifact id: '4cd6e3c0c7714122e525036ad5ab07c3') in 0.005285 seconds
  Import took 0.029517 seconds .

========================================================================
Received Prepare
Registering precompiled user dll's ...
Registered in 0.005867 seconds.
Begin MonoManager ReloadAssembly
Fallback handler could not load library C:/Program Files/Unity/Hub/Editor/2020.2.1f1/Editor/Data/Mono/lib/libdl
Fallback handler could not load library C:/Program Files/Unity/Hub/Editor/2020.2.1f1/Editor/Data/Mono/lib/libdl.dll
Fallback handler could not load library C:/Program Files/Unity/Hub/Editor/2020.2.1f1/Editor/Data/Mono/lib/libdl
Native extension for WindowsStandalone target not found
Refreshing native plugins compatible for Editor in 0.93 ms, found 4 plugins.
Preloading 0 native plugins for Editor in 0.00 ms.
Invoked RoslynAnalysisRunner static constructor.
RoslynAnalysisRunner will not be running.
RoslynAnalysisRunner has terminated.
Mono: successfully reloaded assembly
Fallback handler could not load library C:/Program Files/Unity/Hub/Editor/2020.2.1f1/Editor/Data/Mono/lib/libdl
Fallback handler could not load library C:/Program Files/Unity/Hub/Editor/2020.2.1f1/Editor/Data/Mono/lib/libdl.dll
Fallback handler could not load library C:/Program Files/Unity/Hub/Editor/2020.2.1f1/Editor/Data/Mono/lib/libdl
Fallback handler could not load library C:/Program Files/Unity/Hub/Editor/2020.2.1f1/Editor/Data/Mono/lib/libdl
Fallback handler could not load library C:/Program Files/Unity/Hub/Editor/2020.2.1f1/Editor/Data/Mono/lib/libdl.dll
Fallback handler could not load library C:/Program Files/Unity/Hub/Editor/2020.2.1f1/Editor/Data/Mono/lib/libdl
- Completed reload, in  1.256 seconds
Platform modules already initialized, skipping
Shader 'Universal Render Pipeline/Particles/Lit': fallback shader 'Universal Render Pipeline/Particles/SimpleLit' not found
Refreshing native plugins compatible for Editor in 1.10 ms, found 4 plugins.
Preloading 0 native plugins for Editor in 0.00 ms.
Unloading 2775 Unused Serialized files (Serialized files now loaded: 0)
System memory in use before: 127.3 MB.
System memory in use after: 127.5 MB.

Unloading 53 unused Assets to reduce memory usage. Loaded Objects now: 3419.
Total: 3.448400 ms (FindLiveObjects: 0.344300 ms CreateObjectMapping: 0.195900 ms MarkObjects: 2.775600 ms  DeleteObjects: 0.131100 ms)

========================================================================
Received Import Request.
  Time since last request: 24.839513 seconds.
  path: Assets/06_Scripts/GameSpecifics/CharacteristicsScriptable.cs
  artifactKey: Guid(456229038923d854ba6b539ebff5bcdf) Importer(815301076,1909f56bfc062723c751e8b465ee728b)
Start importing Assets/06_Scripts/GameSpecifics/CharacteristicsScriptable.cs using Guid(456229038923d854ba6b539ebff5bcdf) Importer(815301076,1909f56bfc062723c751e8b465ee728b)  -> (artifact id: '4a0d9101a0eea7aedab6d610c2434232') in 0.079631 seconds
  Import took 0.120443 seconds .

========================================================================
Received Import Request.
  Time since last request: 0.001878 seconds.
  path: Assets/06_Scripts/GameSpecifics/CharacteristicsScriptable.cs
  artifactKey: Guid(456229038923d854ba6b539ebff5bcdf) Importer(815301076,1909f56bfc062723c751e8b465ee728b)
Start importing Assets/06_Scripts/GameSpecifics/CharacteristicsScriptable.cs using Guid(456229038923d854ba6b539ebff5bcdf) Importer(815301076,1909f56bfc062723c751e8b465ee728b)  -> (artifact id: '4a0d9101a0eea7aedab6d610c2434232') in 0.003245 seconds
  Import took 0.029542 seconds .

========================================================================
Received Prepare
Registering precompiled user dll's ...
Registered in 0.012174 seconds.
Begin MonoManager ReloadAssembly
Fallback handler could not load library C:/Program Files/Unity/Hub/Editor/2020.2.1f1/Editor/Data/Mono/lib/libdl
Fallback handler could not load library C:/Program Files/Unity/Hub/Editor/2020.2.1f1/Editor/Data/Mono/lib/libdl.dll
Fallback handler could not load library C:/Program Files/Unity/Hub/Editor/2020.2.1f1/Editor/Data/Mono/lib/libdl
Native extension for WindowsStandalone target not found
Refreshing native plugins compatible for Editor in 2.14 ms, found 4 plugins.
Preloading 0 native plugins for Editor in 0.00 ms.
Invoked RoslynAnalysisRunner static constructor.
RoslynAnalysisRunner will not be running.
RoslynAnalysisRunner has terminated.
Mono: successfully reloaded assembly
Fallback handler could not load library C:/Program Files/Unity/Hub/Editor/2020.2.1f1/Editor/Data/Mono/lib/libdl
Fallback handler could not load library C:/Program Files/Unity/Hub/Editor/2020.2.1f1/Editor/Data/Mono/lib/libdl.dll
Fallback handler could not load library C:/Program Files/Unity/Hub/Editor/2020.2.1f1/Editor/Data/Mono/lib/libdl
Fallback handler could not load library C:/Program Files/Unity/Hub/Editor/2020.2.1f1/Editor/Data/Mono/lib/libdl
Fallback handler could not load library C:/Program Files/Unity/Hub/Editor/2020.2.1f1/Editor/Data/Mono/lib/libdl.dll
Fallback handler could not load library C:/Program Files/Unity/Hub/Editor/2020.2.1f1/Editor/Data/Mono/lib/libdl
- Completed reload, in  6.713 seconds
Platform modules already initialized, skipping
Shader 'Universal Render Pipeline/Particles/Lit': fallback shader 'Universal Render Pipeline/Particles/SimpleLit' not found
Refreshing native plugins compatible for Editor in 2.88 ms, found 4 plugins.
Preloading 0 native plugins for Editor in 0.00 ms.
Unloading 2775 Unused Serialized files (Serialized files now loaded: 0)
System memory in use before: 127.3 MB.
System memory in use after: 127.5 MB.

Unloading 53 unused Assets to reduce memory usage. Loaded Objects now: 3421.
Total: 10.745300 ms (FindLiveObjects: 1.074800 ms CreateObjectMapping: 1.574500 ms MarkObjects: 7.899000 ms  DeleteObjects: 0.194700 ms)

========================================================================
Received Import Request.
  Time since last request: 297.636783 seconds.
  path: Assets/06_Scripts/GameSpecifics/CharacteristicsScriptable.cs
  artifactKey: Guid(456229038923d854ba6b539ebff5bcdf) Importer(815301076,1909f56bfc062723c751e8b465ee728b)
Start importing Assets/06_Scripts/GameSpecifics/CharacteristicsScriptable.cs using Guid(456229038923d854ba6b539ebff5bcdf) Importer(815301076,1909f56bfc062723c751e8b465ee728b)  -> (artifact id: '803b7f53e16cbd44acb225f73549cb6b') in 0.009437 seconds
  Import took 0.058584 seconds .

========================================================================
Received Import Request.
  Time since last request: 0.082732 seconds.
  path: Assets/06_Scripts/GameSpecifics/CharacteristicsScriptable.cs
  artifactKey: Guid(456229038923d854ba6b539ebff5bcdf) Importer(815301076,1909f56bfc062723c751e8b465ee728b)
Start importing Assets/06_Scripts/GameSpecifics/CharacteristicsScriptable.cs using Guid(456229038923d854ba6b539ebff5bcdf) Importer(815301076,1909f56bfc062723c751e8b465ee728b)  -> (artifact id: '803b7f53e16cbd44acb225f73549cb6b') in 0.003650 seconds
  Import took 0.012847 seconds .

========================================================================
Received Prepare
Registering precompiled user dll's ...
Registered in 0.004939 seconds.
Begin MonoManager ReloadAssembly
Fallback handler could not load library C:/Program Files/Unity/Hub/Editor/2020.2.1f1/Editor/Data/Mono/lib/libdl
Fallback handler could not load library C:/Program Files/Unity/Hub/Editor/2020.2.1f1/Editor/Data/Mono/lib/libdl.dll
Fallback handler could not load library C:/Program Files/Unity/Hub/Editor/2020.2.1f1/Editor/Data/Mono/lib/libdl
Native extension for WindowsStandalone target not found
Refreshing native plugins compatible for Editor in 1.53 ms, found 4 plugins.
Preloading 0 native plugins for Editor in 0.00 ms.
Invoked RoslynAnalysisRunner static constructor.
RoslynAnalysisRunner will not be running.
RoslynAnalysisRunner has terminated.
Mono: successfully reloaded assembly
Fallback handler could not load library C:/Program Files/Unity/Hub/Editor/2020.2.1f1/Editor/Data/Mono/lib/libdl
Fallback handler could not load library C:/Program Files/Unity/Hub/Editor/2020.2.1f1/Editor/Data/Mono/lib/libdl.dll
Fallback handler could not load library C:/Program Files/Unity/Hub/Editor/2020.2.1f1/Editor/Data/Mono/lib/libdl
Fallback handler could not load library C:/Program Files/Unity/Hub/Editor/2020.2.1f1/Editor/Data/Mono/lib/libdl
Fallback handler could not load library C:/Program Files/Unity/Hub/Editor/2020.2.1f1/Editor/Data/Mono/lib/libdl.dll
Fallback handler could not load library C:/Program Files/Unity/Hub/Editor/2020.2.1f1/Editor/Data/Mono/lib/libdl
- Completed reload, in  1.410 seconds
Platform modules already initialized, skipping
Shader 'Universal Render Pipeline/Particles/Lit': fallback shader 'Universal Render Pipeline/Particles/SimpleLit' not found
Refreshing native plugins compatible for Editor in 1.24 ms, found 4 plugins.
Preloading 0 native plugins for Editor in 0.00 ms.
Unloading 2775 Unused Serialized files (Serialized files now loaded: 0)
System memory in use before: 127.3 MB.
System memory in use after: 127.5 MB.

Unloading 53 unused Assets to reduce memory usage. Loaded Objects now: 3423.
Total: 3.762900 ms (FindLiveObjects: 0.705000 ms CreateObjectMapping: 0.367800 ms MarkObjects: 2.558400 ms  DeleteObjects: 0.130300 ms)

========================================================================
Received Import Request.
  Time since last request: 11.999748 seconds.
  path: Assets/06_Scripts/GameSpecifics/CharacteristicsScriptable.cs
  artifactKey: Guid(456229038923d854ba6b539ebff5bcdf) Importer(815301076,1909f56bfc062723c751e8b465ee728b)
Start importing Assets/06_Scripts/GameSpecifics/CharacteristicsScriptable.cs using Guid(456229038923d854ba6b539ebff5bcdf) Importer(815301076,1909f56bfc062723c751e8b465ee728b)  -> (artifact id: '77b862fd21af90b4581b44186fc78ab1') in 0.007179 seconds
  Import took 0.018579 seconds .

========================================================================
Received Import Request.
  Time since last request: 0.095684 seconds.
  path: Assets/06_Scripts/GameSpecifics/CharacteristicsScriptable.cs
  artifactKey: Guid(456229038923d854ba6b539ebff5bcdf) Importer(815301076,1909f56bfc062723c751e8b465ee728b)
Start importing Assets/06_Scripts/GameSpecifics/CharacteristicsScriptable.cs using Guid(456229038923d854ba6b539ebff5bcdf) Importer(815301076,1909f56bfc062723c751e8b465ee728b)  -> (artifact id: '77b862fd21af90b4581b44186fc78ab1') in 0.002686 seconds
  Import took 0.011086 seconds .

========================================================================
Received Prepare
Registering precompiled user dll's ...
Registered in 0.004956 seconds.
Begin MonoManager ReloadAssembly
Fallback handler could not load library C:/Program Files/Unity/Hub/Editor/2020.2.1f1/Editor/Data/Mono/lib/libdl
Fallback handler could not load library C:/Program Files/Unity/Hub/Editor/2020.2.1f1/Editor/Data/Mono/lib/libdl.dll
Fallback handler could not load library C:/Program Files/Unity/Hub/Editor/2020.2.1f1/Editor/Data/Mono/lib/libdl
Native extension for WindowsStandalone target not found
Refreshing native plugins compatible for Editor in 1.24 ms, found 4 plugins.
Preloading 0 native plugins for Editor in 0.00 ms.
Invoked RoslynAnalysisRunner static constructor.
RoslynAnalysisRunner will not be running.
RoslynAnalysisRunner has terminated.
Mono: successfully reloaded assembly
Fallback handler could not load library C:/Program Files/Unity/Hub/Editor/2020.2.1f1/Editor/Data/Mono/lib/libdl
Fallback handler could not load library C:/Program Files/Unity/Hub/Editor/2020.2.1f1/Editor/Data/Mono/lib/libdl.dll
Fallback handler could not load library C:/Program Files/Unity/Hub/Editor/2020.2.1f1/Editor/Data/Mono/lib/libdl
Fallback handler could not load library C:/Program Files/Unity/Hub/Editor/2020.2.1f1/Editor/Data/Mono/lib/libdl
Fallback handler could not load library C:/Program Files/Unity/Hub/Editor/2020.2.1f1/Editor/Data/Mono/lib/libdl.dll
Fallback handler could not load library C:/Program Files/Unity/Hub/Editor/2020.2.1f1/Editor/Data/Mono/lib/libdl
- Completed reload, in  1.487 seconds
Platform modules already initialized, skipping
Shader 'Universal Render Pipeline/Particles/Lit': fallback shader 'Universal Render Pipeline/Particles/SimpleLit' not found
Refreshing native plugins compatible for Editor in 1.38 ms, found 4 plugins.
Preloading 0 native plugins for Editor in 0.00 ms.
Unloading 2775 Unused Serialized files (Serialized files now loaded: 0)
System memory in use before: 127.3 MB.
System memory in use after: 127.5 MB.

Unloading 53 unused Assets to reduce memory usage. Loaded Objects now: 3425.
Total: 6.302300 ms (FindLiveObjects: 0.703100 ms CreateObjectMapping: 0.308800 ms MarkObjects: 5.165000 ms  DeleteObjects: 0.122700 ms)

========================================================================
Received Import Request.
  Time since last request: 99.752708 seconds.
  path: Assets/06_Scripts/GameSpecifics/CharacteristicsScriptable.cs
  artifactKey: Guid(456229038923d854ba6b539ebff5bcdf) Importer(815301076,1909f56bfc062723c751e8b465ee728b)
Start importing Assets/06_Scripts/GameSpecifics/CharacteristicsScriptable.cs using Guid(456229038923d854ba6b539ebff5bcdf) Importer(815301076,1909f56bfc062723c751e8b465ee728b)  -> (artifact id: 'e78eaac66802d42a6f2fa92f42213651') in 0.008117 seconds
  Import took 0.052631 seconds .

========================================================================
Received Import Request.
  Time since last request: 0.091953 seconds.
  path: Assets/06_Scripts/GameSpecifics/CharacteristicsScriptable.cs
  artifactKey: Guid(456229038923d854ba6b539ebff5bcdf) Importer(815301076,1909f56bfc062723c751e8b465ee728b)
Start importing Assets/06_Scripts/GameSpecifics/CharacteristicsScriptable.cs using Guid(456229038923d854ba6b539ebff5bcdf) Importer(815301076,1909f56bfc062723c751e8b465ee728b)  -> (artifact id: 'e78eaac66802d42a6f2fa92f42213651') in 0.003057 seconds
  Import took 0.011456 seconds .

========================================================================
Received Prepare
Registering precompiled user dll's ...
Registered in 0.005098 seconds.
Begin MonoManager ReloadAssembly
Fallback handler could not load library C:/Program Files/Unity/Hub/Editor/2020.2.1f1/Editor/Data/Mono/lib/libdl
Fallback handler could not load library C:/Program Files/Unity/Hub/Editor/2020.2.1f1/Editor/Data/Mono/lib/libdl.dll
Fallback handler could not load library C:/Program Files/Unity/Hub/Editor/2020.2.1f1/Editor/Data/Mono/lib/libdl
Native extension for WindowsStandalone target not found
Refreshing native plugins compatible for Editor in 1.60 ms, found 4 plugins.
Preloading 0 native plugins for Editor in 0.00 ms.
Invoked RoslynAnalysisRunner static constructor.
RoslynAnalysisRunner will not be running.
RoslynAnalysisRunner has terminated.
Mono: successfully reloaded assembly
Fallback handler could not load library C:/Program Files/Unity/Hub/Editor/2020.2.1f1/Editor/Data/Mono/lib/libdl
Fallback handler could not load library C:/Program Files/Unity/Hub/Editor/2020.2.1f1/Editor/Data/Mono/lib/libdl.dll
Fallback handler could not load library C:/Program Files/Unity/Hub/Editor/2020.2.1f1/Editor/Data/Mono/lib/libdl
Fallback handler could not load library C:/Program Files/Unity/Hub/Editor/2020.2.1f1/Editor/Data/Mono/lib/libdl
Fallback handler could not load library C:/Program Files/Unity/Hub/Editor/2020.2.1f1/Editor/Data/Mono/lib/libdl.dll
Fallback handler could not load library C:/Program Files/Unity/Hub/Editor/2020.2.1f1/Editor/Data/Mono/lib/libdl
- Completed reload, in  1.345 seconds
Platform modules already initialized, skipping
Shader 'Universal Render Pipeline/Particles/Lit': fallback shader 'Universal Render Pipeline/Particles/SimpleLit' not found
Refreshing native plugins compatible for Editor in 1.28 ms, found 4 plugins.
Preloading 0 native plugins for Editor in 0.00 ms.
Unloading 2775 Unused Serialized files (Serialized files now loaded: 0)
System memory in use before: 127.3 MB.
System memory in use after: 127.5 MB.

Unloading 53 unused Assets to reduce memory usage. Loaded Objects now: 3427.
Total: 4.488900 ms (FindLiveObjects: 0.776400 ms CreateObjectMapping: 0.332700 ms MarkObjects: 3.174200 ms  DeleteObjects: 0.203000 ms)

========================================================================
Received Import Request.
  Time since last request: 58.548423 seconds.
  path: Assets/06_Scripts/GameSpecifics/CharacteristicsScriptable.cs
  artifactKey: Guid(456229038923d854ba6b539ebff5bcdf) Importer(815301076,1909f56bfc062723c751e8b465ee728b)
Start importing Assets/06_Scripts/GameSpecifics/CharacteristicsScriptable.cs using Guid(456229038923d854ba6b539ebff5bcdf) Importer(815301076,1909f56bfc062723c751e8b465ee728b)  -> (artifact id: 'f4a6c84bda3a027797c7b53a3fb1bb8a') in 0.006691 seconds
  Import took 0.060991 seconds .

========================================================================
Received Import Request.
  Time since last request: 0.063349 seconds.
  path: Assets/06_Scripts/GameSpecifics/CharacteristicsScriptable.cs
  artifactKey: Guid(456229038923d854ba6b539ebff5bcdf) Importer(815301076,1909f56bfc062723c751e8b465ee728b)
Start importing Assets/06_Scripts/GameSpecifics/CharacteristicsScriptable.cs using Guid(456229038923d854ba6b539ebff5bcdf) Importer(815301076,1909f56bfc062723c751e8b465ee728b)  -> (artifact id: 'f4a6c84bda3a027797c7b53a3fb1bb8a') in 0.002965 seconds
  Import took 0.010809 seconds .

========================================================================
Received Prepare
Registering precompiled user dll's ...
Registered in 0.005141 seconds.
Begin MonoManager ReloadAssembly
Fallback handler could not load library C:/Program Files/Unity/Hub/Editor/2020.2.1f1/Editor/Data/Mono/lib/libdl
Fallback handler could not load library C:/Program Files/Unity/Hub/Editor/2020.2.1f1/Editor/Data/Mono/lib/libdl.dll
Fallback handler could not load library C:/Program Files/Unity/Hub/Editor/2020.2.1f1/Editor/Data/Mono/lib/libdl
Native extension for WindowsStandalone target not found
Refreshing native plugins compatible for Editor in 1.07 ms, found 4 plugins.
Preloading 0 native plugins for Editor in 0.00 ms.
Invoked RoslynAnalysisRunner static constructor.
RoslynAnalysisRunner will not be running.
RoslynAnalysisRunner has terminated.
Mono: successfully reloaded assembly
Fallback handler could not load library C:/Program Files/Unity/Hub/Editor/2020.2.1f1/Editor/Data/Mono/lib/libdl
Fallback handler could not load library C:/Program Files/Unity/Hub/Editor/2020.2.1f1/Editor/Data/Mono/lib/libdl.dll
Fallback handler could not load library C:/Program Files/Unity/Hub/Editor/2020.2.1f1/Editor/Data/Mono/lib/libdl
Fallback handler could not load library C:/Program Files/Unity/Hub/Editor/2020.2.1f1/Editor/Data/Mono/lib/libdl
Fallback handler could not load library C:/Program Files/Unity/Hub/Editor/2020.2.1f1/Editor/Data/Mono/lib/libdl.dll
Fallback handler could not load library C:/Program Files/Unity/Hub/Editor/2020.2.1f1/Editor/Data/Mono/lib/libdl
- Completed reload, in  1.436 seconds
Platform modules already initialized, skipping
Shader 'Universal Render Pipeline/Particles/Lit': fallback shader 'Universal Render Pipeline/Particles/SimpleLit' not found
Refreshing native plugins compatible for Editor in 1.82 ms, found 4 plugins.
Preloading 0 native plugins for Editor in 0.00 ms.
Unloading 2775 Unused Serialized files (Serialized files now loaded: 0)
System memory in use before: 127.4 MB.
System memory in use after: 127.6 MB.

Unloading 53 unused Assets to reduce memory usage. Loaded Objects now: 3429.
Total: 5.715000 ms (FindLiveObjects: 0.769600 ms CreateObjectMapping: 0.381100 ms MarkObjects: 4.368800 ms  DeleteObjects: 0.193100 ms)

========================================================================
Received Import Request.
  Time since last request: 120.611454 seconds.
  path: Assets/06_Scripts/GameSpecifics/CharacteristicsScriptable.cs
  artifactKey: Guid(456229038923d854ba6b539ebff5bcdf) Importer(815301076,1909f56bfc062723c751e8b465ee728b)
Start importing Assets/06_Scripts/GameSpecifics/CharacteristicsScriptable.cs using Guid(456229038923d854ba6b539ebff5bcdf) Importer(815301076,1909f56bfc062723c751e8b465ee728b)  -> (artifact id: '60a0bb0b0b87d32ddf8ccf54c114258f') in 0.008157 seconds
  Import took 0.024348 seconds .

========================================================================
Received Import Request.
  Time since last request: 0.176256 seconds.
  path: Assets/06_Scripts/GameSpecifics/CharacteristicsScriptable.cs
  artifactKey: Guid(456229038923d854ba6b539ebff5bcdf) Importer(815301076,1909f56bfc062723c751e8b465ee728b)
Start importing Assets/06_Scripts/GameSpecifics/CharacteristicsScriptable.cs using Guid(456229038923d854ba6b539ebff5bcdf) Importer(815301076,1909f56bfc062723c751e8b465ee728b)  -> (artifact id: '60a0bb0b0b87d32ddf8ccf54c114258f') in 0.003309 seconds
  Import took 0.010666 seconds .

========================================================================
Received Prepare
Registering precompiled user dll's ...
Registered in 0.005545 seconds.
Begin MonoManager ReloadAssembly
Fallback handler could not load library C:/Program Files/Unity/Hub/Editor/2020.2.1f1/Editor/Data/Mono/lib/libdl
Fallback handler could not load library C:/Program Files/Unity/Hub/Editor/2020.2.1f1/Editor/Data/Mono/lib/libdl.dll
Fallback handler could not load library C:/Program Files/Unity/Hub/Editor/2020.2.1f1/Editor/Data/Mono/lib/libdl
Native extension for WindowsStandalone target not found
Refreshing native plugins compatible for Editor in 1.16 ms, found 4 plugins.
Preloading 0 native plugins for Editor in 0.00 ms.
Invoked RoslynAnalysisRunner static constructor.
RoslynAnalysisRunner will not be running.
RoslynAnalysisRunner has terminated.
Mono: successfully reloaded assembly
Fallback handler could not load library C:/Program Files/Unity/Hub/Editor/2020.2.1f1/Editor/Data/Mono/lib/libdl
Fallback handler could not load library C:/Program Files/Unity/Hub/Editor/2020.2.1f1/Editor/Data/Mono/lib/libdl.dll
Fallback handler could not load library C:/Program Files/Unity/Hub/Editor/2020.2.1f1/Editor/Data/Mono/lib/libdl
Fallback handler could not load library C:/Program Files/Unity/Hub/Editor/2020.2.1f1/Editor/Data/Mono/lib/libdl
Fallback handler could not load library C:/Program Files/Unity/Hub/Editor/2020.2.1f1/Editor/Data/Mono/lib/libdl.dll
Fallback handler could not load library C:/Program Files/Unity/Hub/Editor/2020.2.1f1/Editor/Data/Mono/lib/libdl
- Completed reload, in  1.469 seconds
Platform modules already initialized, skipping
Shader 'Universal Render Pipeline/Particles/Lit': fallback shader 'Universal Render Pipeline/Particles/SimpleLit' not found
Refreshing native plugins compatible for Editor in 1.12 ms, found 4 plugins.
Preloading 0 native plugins for Editor in 0.00 ms.
Unloading 2775 Unused Serialized files (Serialized files now loaded: 0)
System memory in use before: 127.3 MB.
System memory in use after: 127.6 MB.

Unloading 53 unused Assets to reduce memory usage. Loaded Objects now: 3431.
Total: 4.491800 ms (FindLiveObjects: 0.392400 ms CreateObjectMapping: 0.185200 ms MarkObjects: 3.791900 ms  DeleteObjects: 0.120700 ms)

========================================================================
Received Import Request.
  Time since last request: 145.016299 seconds.
  path: Assets/06_Scripts/GameSpecifics/CharacteristicsScriptable.cs
  artifactKey: Guid(456229038923d854ba6b539ebff5bcdf) Importer(815301076,1909f56bfc062723c751e8b465ee728b)
Start importing Assets/06_Scripts/GameSpecifics/CharacteristicsScriptable.cs using Guid(456229038923d854ba6b539ebff5bcdf) Importer(815301076,1909f56bfc062723c751e8b465ee728b)  -> (artifact id: 'c586d03c9add5f772c13f0ae6f1c9881') in 0.011619 seconds
  Import took 0.035578 seconds .

========================================================================
Received Import Request.
  Time since last request: 0.156365 seconds.
  path: Assets/06_Scripts/GameSpecifics/CharacteristicsScriptable.cs
  artifactKey: Guid(456229038923d854ba6b539ebff5bcdf) Importer(815301076,1909f56bfc062723c751e8b465ee728b)
Start importing Assets/06_Scripts/GameSpecifics/CharacteristicsScriptable.cs using Guid(456229038923d854ba6b539ebff5bcdf) Importer(815301076,1909f56bfc062723c751e8b465ee728b)  -> (artifact id: 'c586d03c9add5f772c13f0ae6f1c9881') in 0.003521 seconds
  Import took 0.011292 seconds .

========================================================================
Received Prepare
Registering precompiled user dll's ...
Registered in 0.030006 seconds.
Begin MonoManager ReloadAssembly
Fallback handler could not load library C:/Program Files/Unity/Hub/Editor/2020.2.1f1/Editor/Data/Mono/lib/libdl
Fallback handler could not load library C:/Program Files/Unity/Hub/Editor/2020.2.1f1/Editor/Data/Mono/lib/libdl.dll
Fallback handler could not load library C:/Program Files/Unity/Hub/Editor/2020.2.1f1/Editor/Data/Mono/lib/libdl
Native extension for WindowsStandalone target not found
Refreshing native plugins compatible for Editor in 1.18 ms, found 4 plugins.
Preloading 0 native plugins for Editor in 0.00 ms.
Invoked RoslynAnalysisRunner static constructor.
RoslynAnalysisRunner will not be running.
RoslynAnalysisRunner has terminated.
Mono: successfully reloaded assembly
Fallback handler could not load library C:/Program Files/Unity/Hub/Editor/2020.2.1f1/Editor/Data/Mono/lib/libdl
Fallback handler could not load library C:/Program Files/Unity/Hub/Editor/2020.2.1f1/Editor/Data/Mono/lib/libdl.dll
Fallback handler could not load library C:/Program Files/Unity/Hub/Editor/2020.2.1f1/Editor/Data/Mono/lib/libdl
Fallback handler could not load library C:/Program Files/Unity/Hub/Editor/2020.2.1f1/Editor/Data/Mono/lib/libdl
Fallback handler could not load library C:/Program Files/Unity/Hub/Editor/2020.2.1f1/Editor/Data/Mono/lib/libdl.dll
Fallback handler could not load library C:/Program Files/Unity/Hub/Editor/2020.2.1f1/Editor/Data/Mono/lib/libdl
- Completed reload, in  1.338 seconds
Platform modules already initialized, skipping
Shader 'Universal Render Pipeline/Particles/Lit': fallback shader 'Universal Render Pipeline/Particles/SimpleLit' not found
Refreshing native plugins compatible for Editor in 1.36 ms, found 4 plugins.
Preloading 0 native plugins for Editor in 0.00 ms.
Unloading 2775 Unused Serialized files (Serialized files now loaded: 0)
System memory in use before: 127.4 MB.
System memory in use after: 127.6 MB.

Unloading 53 unused Assets to reduce memory usage. Loaded Objects now: 3433.
Total: 2.960500 ms (FindLiveObjects: 0.518900 ms CreateObjectMapping: 0.229500 ms MarkObjects: 2.072800 ms  DeleteObjects: 0.138300 ms)

========================================================================
Received Import Request.
  Time since last request: 25.089928 seconds.
  path: Assets/06_Scripts/GameSpecifics/Characteristic.asset
  artifactKey: Guid(ddfc7b381cf930e45ae199f0053a3f1d) Importer(815301076,1909f56bfc062723c751e8b465ee728b)
Start importing Assets/06_Scripts/GameSpecifics/Characteristic.asset using Guid(ddfc7b381cf930e45ae199f0053a3f1d) Importer(815301076,1909f56bfc062723c751e8b465ee728b)  -> (artifact id: 'a70ceb560a3759b168b69baf5d6e3a1e') in 0.236172 seconds
  Import took 0.242992 seconds .

========================================================================
Received Prepare
Registering precompiled user dll's ...
Registered in 0.006007 seconds.
Begin MonoManager ReloadAssembly
Fallback handler could not load library C:/Program Files/Unity/Hub/Editor/2020.2.1f1/Editor/Data/Mono/lib/libdl
Fallback handler could not load library C:/Program Files/Unity/Hub/Editor/2020.2.1f1/Editor/Data/Mono/lib/libdl.dll
Fallback handler could not load library C:/Program Files/Unity/Hub/Editor/2020.2.1f1/Editor/Data/Mono/lib/libdl
Native extension for WindowsStandalone target not found
Refreshing native plugins compatible for Editor in 1.42 ms, found 4 plugins.
Preloading 0 native plugins for Editor in 0.00 ms.
Invoked RoslynAnalysisRunner static constructor.
RoslynAnalysisRunner will not be running.
RoslynAnalysisRunner has terminated.
Mono: successfully reloaded assembly
Fallback handler could not load library C:/Program Files/Unity/Hub/Editor/2020.2.1f1/Editor/Data/Mono/lib/libdl
Fallback handler could not load library C:/Program Files/Unity/Hub/Editor/2020.2.1f1/Editor/Data/Mono/lib/libdl.dll
Fallback handler could not load library C:/Program Files/Unity/Hub/Editor/2020.2.1f1/Editor/Data/Mono/lib/libdl
Fallback handler could not load library C:/Program Files/Unity/Hub/Editor/2020.2.1f1/Editor/Data/Mono/lib/libdl
Fallback handler could not load library C:/Program Files/Unity/Hub/Editor/2020.2.1f1/Editor/Data/Mono/lib/libdl.dll
Fallback handler could not load library C:/Program Files/Unity/Hub/Editor/2020.2.1f1/Editor/Data/Mono/lib/libdl
- Completed reload, in  1.217 seconds
Platform modules already initialized, skipping
Shader 'Universal Render Pipeline/Particles/Lit': fallback shader 'Universal Render Pipeline/Particles/SimpleLit' not found
Refreshing native plugins compatible for Editor in 0.97 ms, found 4 plugins.
Preloading 0 native plugins for Editor in 0.00 ms.
Unloading 2775 Unused Serialized files (Serialized files now loaded: 0)
System memory in use before: 127.4 MB.
System memory in use after: 127.6 MB.

Unloading 53 unused Assets to reduce memory usage. Loaded Objects now: 3435.
Total: 3.582100 ms (FindLiveObjects: 0.519000 ms CreateObjectMapping: 0.270500 ms MarkObjects: 2.649300 ms  DeleteObjects: 0.142500 ms)

========================================================================
Received Prepare
Registering precompiled user dll's ...
Registered in 0.005064 seconds.
Begin MonoManager ReloadAssembly
Fallback handler could not load library C:/Program Files/Unity/Hub/Editor/2020.2.1f1/Editor/Data/Mono/lib/libdl
Fallback handler could not load library C:/Program Files/Unity/Hub/Editor/2020.2.1f1/Editor/Data/Mono/lib/libdl.dll
Fallback handler could not load library C:/Program Files/Unity/Hub/Editor/2020.2.1f1/Editor/Data/Mono/lib/libdl
Native extension for WindowsStandalone target not found
Refreshing native plugins compatible for Editor in 0.96 ms, found 4 plugins.
Preloading 0 native plugins for Editor in 0.00 ms.
Invoked RoslynAnalysisRunner static constructor.
RoslynAnalysisRunner will not be running.
RoslynAnalysisRunner has terminated.
Mono: successfully reloaded assembly
Fallback handler could not load library C:/Program Files/Unity/Hub/Editor/2020.2.1f1/Editor/Data/Mono/lib/libdl
Fallback handler could not load library C:/Program Files/Unity/Hub/Editor/2020.2.1f1/Editor/Data/Mono/lib/libdl.dll
Fallback handler could not load library C:/Program Files/Unity/Hub/Editor/2020.2.1f1/Editor/Data/Mono/lib/libdl
Fallback handler could not load library C:/Program Files/Unity/Hub/Editor/2020.2.1f1/Editor/Data/Mono/lib/libdl
Fallback handler could not load library C:/Program Files/Unity/Hub/Editor/2020.2.1f1/Editor/Data/Mono/lib/libdl.dll
Fallback handler could not load library C:/Program Files/Unity/Hub/Editor/2020.2.1f1/Editor/Data/Mono/lib/libdl
- Completed reload, in  1.412 seconds
Platform modules already initialized, skipping
Shader 'Universal Render Pipeline/Particles/Lit': fallback shader 'Universal Render Pipeline/Particles/SimpleLit' not found
Refreshing native plugins compatible for Editor in 1.17 ms, found 4 plugins.
Preloading 0 native plugins for Editor in 0.00 ms.
Unloading 2775 Unused Serialized files (Serialized files now loaded: 0)
System memory in use before: 127.4 MB.
System memory in use after: 127.6 MB.

Unloading 53 unused Assets to reduce memory usage. Loaded Objects now: 3437.
Total: 2.921800 ms (FindLiveObjects: 0.360900 ms CreateObjectMapping: 0.204000 ms MarkObjects: 2.257000 ms  DeleteObjects: 0.098500 ms)

========================================================================
Received Import Request.
  Time since last request: 231.190587 seconds.
  path: Assets/06_Scripts/GameSpecifics/Characteristic.asset
  artifactKey: Guid(ddfc7b381cf930e45ae199f0053a3f1d) Importer(815301076,1909f56bfc062723c751e8b465ee728b)
Start importing Assets/06_Scripts/GameSpecifics/Characteristic.asset using Guid(ddfc7b381cf930e45ae199f0053a3f1d) Importer(815301076,1909f56bfc062723c751e8b465ee728b)  -> (artifact id: '9d3514083237aa92ff89f922181ebcef') in 0.017757 seconds
  Import took 0.036076 seconds .

========================================================================
Received Import Request.
  Time since last request: 0.001986 seconds.
  path: Assets/06_Scripts/GameSpecifics/Characteristic.asset
  artifactKey: Guid(ddfc7b381cf930e45ae199f0053a3f1d) Importer(815301076,1909f56bfc062723c751e8b465ee728b)
Start importing Assets/06_Scripts/GameSpecifics/Characteristic.asset using Guid(ddfc7b381cf930e45ae199f0053a3f1d) Importer(815301076,1909f56bfc062723c751e8b465ee728b)  -> (artifact id: '9d3514083237aa92ff89f922181ebcef') in 0.004103 seconds
  Import took 0.010815 seconds .

========================================================================
Received Prepare
Registering precompiled user dll's ...
Registered in 0.005330 seconds.
Begin MonoManager ReloadAssembly
Fallback handler could not load library C:/Program Files/Unity/Hub/Editor/2020.2.1f1/Editor/Data/Mono/lib/libdl
Fallback handler could not load library C:/Program Files/Unity/Hub/Editor/2020.2.1f1/Editor/Data/Mono/lib/libdl.dll
Fallback handler could not load library C:/Program Files/Unity/Hub/Editor/2020.2.1f1/Editor/Data/Mono/lib/libdl
Native extension for WindowsStandalone target not found
Refreshing native plugins compatible for Editor in 1.05 ms, found 4 plugins.
Preloading 0 native plugins for Editor in 0.00 ms.
Invoked RoslynAnalysisRunner static constructor.
RoslynAnalysisRunner will not be running.
RoslynAnalysisRunner has terminated.
Mono: successfully reloaded assembly
Fallback handler could not load library C:/Program Files/Unity/Hub/Editor/2020.2.1f1/Editor/Data/Mono/lib/libdl
Fallback handler could not load library C:/Program Files/Unity/Hub/Editor/2020.2.1f1/Editor/Data/Mono/lib/libdl.dll
Fallback handler could not load library C:/Program Files/Unity/Hub/Editor/2020.2.1f1/Editor/Data/Mono/lib/libdl
Fallback handler could not load library C:/Program Files/Unity/Hub/Editor/2020.2.1f1/Editor/Data/Mono/lib/libdl
Fallback handler could not load library C:/Program Files/Unity/Hub/Editor/2020.2.1f1/Editor/Data/Mono/lib/libdl.dll
Fallback handler could not load library C:/Program Files/Unity/Hub/Editor/2020.2.1f1/Editor/Data/Mono/lib/libdl
- Completed reload, in  1.107 seconds
Platform modules already initialized, skipping
Shader 'Universal Render Pipeline/Particles/Lit': fallback shader 'Universal Render Pipeline/Particles/SimpleLit' not found
Refreshing native plugins compatible for Editor in 0.93 ms, found 4 plugins.
Preloading 0 native plugins for Editor in 0.00 ms.
Unloading 2775 Unused Serialized files (Serialized files now loaded: 0)
System memory in use before: 127.4 MB.
System memory in use after: 127.6 MB.

Unloading 53 unused Assets to reduce memory usage. Loaded Objects now: 3439.
Total: 3.271900 ms (FindLiveObjects: 0.371000 ms CreateObjectMapping: 0.205300 ms MarkObjects: 2.570300 ms  DeleteObjects: 0.124100 ms)

========================================================================
Received Import Request.
  Time since last request: 131.421246 seconds.
  path: Assets/06_Scripts/GameSpecifics/GameManager.cs
  artifactKey: Guid(8a2ea3e33f595914793ee6a38502c89e) Importer(815301076,1909f56bfc062723c751e8b465ee728b)
Start importing Assets/06_Scripts/GameSpecifics/GameManager.cs using Guid(8a2ea3e33f595914793ee6a38502c89e) Importer(815301076,1909f56bfc062723c751e8b465ee728b)  -> (artifact id: '67929fb08aa18e7720167e657f5235a0') in 0.058942 seconds
  Import took 0.082262 seconds .

========================================================================
Received Import Request.
  Time since last request: 0.024824 seconds.
  path: Assets/06_Scripts/GameSpecifics/GameManager.cs
  artifactKey: Guid(8a2ea3e33f595914793ee6a38502c89e) Importer(815301076,1909f56bfc062723c751e8b465ee728b)
Start importing Assets/06_Scripts/GameSpecifics/GameManager.cs using Guid(8a2ea3e33f595914793ee6a38502c89e) Importer(815301076,1909f56bfc062723c751e8b465ee728b)  -> (artifact id: '67929fb08aa18e7720167e657f5235a0') in 0.003825 seconds
  Import took 0.010465 seconds .

========================================================================
Received Import Request.
  Time since last request: 30.113036 seconds.
  path: Assets/06_Scripts/GameSpecifics/GameManager.cs
  artifactKey: Guid(8a2ea3e33f595914793ee6a38502c89e) Importer(815301076,1909f56bfc062723c751e8b465ee728b)
Start importing Assets/06_Scripts/GameSpecifics/GameManager.cs using Guid(8a2ea3e33f595914793ee6a38502c89e) Importer(815301076,1909f56bfc062723c751e8b465ee728b)  -> (artifact id: '60634cc58d99071f254bcaaf146f9b23') in 0.003278 seconds
  Import took 0.009707 seconds .

========================================================================
Received Prepare
Registering precompiled user dll's ...
Registered in 0.004959 seconds.
Begin MonoManager ReloadAssembly
Fallback handler could not load library C:/Program Files/Unity/Hub/Editor/2020.2.1f1/Editor/Data/Mono/lib/libdl
Fallback handler could not load library C:/Program Files/Unity/Hub/Editor/2020.2.1f1/Editor/Data/Mono/lib/libdl.dll
Fallback handler could not load library C:/Program Files/Unity/Hub/Editor/2020.2.1f1/Editor/Data/Mono/lib/libdl
Native extension for WindowsStandalone target not found
Refreshing native plugins compatible for Editor in 0.91 ms, found 4 plugins.
Preloading 0 native plugins for Editor in 0.00 ms.
Invoked RoslynAnalysisRunner static constructor.
RoslynAnalysisRunner will not be running.
RoslynAnalysisRunner has terminated.
Mono: successfully reloaded assembly
Fallback handler could not load library C:/Program Files/Unity/Hub/Editor/2020.2.1f1/Editor/Data/Mono/lib/libdl
Fallback handler could not load library C:/Program Files/Unity/Hub/Editor/2020.2.1f1/Editor/Data/Mono/lib/libdl.dll
Fallback handler could not load library C:/Program Files/Unity/Hub/Editor/2020.2.1f1/Editor/Data/Mono/lib/libdl
Fallback handler could not load library C:/Program Files/Unity/Hub/Editor/2020.2.1f1/Editor/Data/Mono/lib/libdl
Fallback handler could not load library C:/Program Files/Unity/Hub/Editor/2020.2.1f1/Editor/Data/Mono/lib/libdl.dll
Fallback handler could not load library C:/Program Files/Unity/Hub/Editor/2020.2.1f1/Editor/Data/Mono/lib/libdl
- Completed reload, in  1.183 seconds
Platform modules already initialized, skipping
Shader 'Universal Render Pipeline/Particles/Lit': fallback shader 'Universal Render Pipeline/Particles/SimpleLit' not found
Refreshing native plugins compatible for Editor in 0.96 ms, found 4 plugins.
Preloading 0 native plugins for Editor in 0.00 ms.
Unloading 2775 Unused Serialized files (Serialized files now loaded: 0)
System memory in use before: 127.4 MB.
System memory in use after: 127.6 MB.

Unloading 53 unused Assets to reduce memory usage. Loaded Objects now: 3441.
Total: 3.216000 ms (FindLiveObjects: 0.583900 ms CreateObjectMapping: 0.211100 ms MarkObjects: 2.294300 ms  DeleteObjects: 0.125400 ms)

========================================================================
Received Import Request.
  Time since last request: 133.914805 seconds.
  path: Assets/06_Scripts/GameSpecifics/HealthCharacteristic.asset
  artifactKey: Guid(ddfc7b381cf930e45ae199f0053a3f1d) Importer(815301076,1909f56bfc062723c751e8b465ee728b)
Start importing Assets/06_Scripts/GameSpecifics/HealthCharacteristic.asset using Guid(ddfc7b381cf930e45ae199f0053a3f1d) Importer(815301076,1909f56bfc062723c751e8b465ee728b)  -> (artifact id: '9fb60d6f47c0b8c62d264d83f503b56c') in 0.027856 seconds
  Import took 0.040699 seconds .

========================================================================
Received Import Request.
  Time since last request: 23.697496 seconds.
  path: Assets/06_Scripts/GameSpecifics/HygieneCharacteristic.asset
  artifactKey: Guid(ec75c41672a71b343ab9e24fc987363b) Importer(815301076,1909f56bfc062723c751e8b465ee728b)
Start importing Assets/06_Scripts/GameSpecifics/HygieneCharacteristic.asset using Guid(ec75c41672a71b343ab9e24fc987363b) Importer(815301076,1909f56bfc062723c751e8b465ee728b)  -> (artifact id: '643a12ff15255d4833b2b66bc043f39f') in 0.049103 seconds
  Import took 0.073538 seconds .

========================================================================
Received Import Request.
  Time since last request: 39.039503 seconds.
  path: Assets/06_Scripts/GameSpecifics/AlignementCharacteristic.asset
  artifactKey: Guid(2d4a66c0f9317054883ac146bb3498a6) Importer(815301076,1909f56bfc062723c751e8b465ee728b)
Start importing Assets/06_Scripts/GameSpecifics/AlignementCharacteristic.asset using Guid(2d4a66c0f9317054883ac146bb3498a6) Importer(815301076,1909f56bfc062723c751e8b465ee728b)  -> (artifact id: '68b670de64fe8dadb83e4a0c061062f5') in 0.015919 seconds
  Import took 0.038797 seconds .

========================================================================
Received Import Request.
  Time since last request: 79.178864 seconds.
  path: Assets/06_Scripts/GameSpecifics/AlignementCharacteristic.asset
  artifactKey: Guid(2d4a66c0f9317054883ac146bb3498a6) Importer(815301076,1909f56bfc062723c751e8b465ee728b)
Start importing Assets/06_Scripts/GameSpecifics/AlignementCharacteristic.asset using Guid(2d4a66c0f9317054883ac146bb3498a6) Importer(815301076,1909f56bfc062723c751e8b465ee728b)  -> (artifact id: '7b3a3117473480929c5aa9a82b4c4d4b') in 0.004486 seconds
  Import took 0.017603 seconds .

========================================================================
Received Import Request.
  Time since last request: 0.000436 seconds.
  path: Assets/06_Scripts/GameSpecifics/HealthCharacteristic.asset
  artifactKey: Guid(ddfc7b381cf930e45ae199f0053a3f1d) Importer(815301076,1909f56bfc062723c751e8b465ee728b)
Start importing Assets/06_Scripts/GameSpecifics/HealthCharacteristic.asset using Guid(ddfc7b381cf930e45ae199f0053a3f1d) Importer(815301076,1909f56bfc062723c751e8b465ee728b)  -> (artifact id: '0d1cf378dc3eac97ba67804d8db10c3c') in 0.003533 seconds
  Import took 0.014331 seconds .

========================================================================
Received Import Request.
  Time since last request: 0.000288 seconds.
  path: Assets/06_Scripts/GameSpecifics/HygieneCharacteristic.asset
  artifactKey: Guid(ec75c41672a71b343ab9e24fc987363b) Importer(815301076,1909f56bfc062723c751e8b465ee728b)
Start importing Assets/06_Scripts/GameSpecifics/HygieneCharacteristic.asset using Guid(ec75c41672a71b343ab9e24fc987363b) Importer(815301076,1909f56bfc062723c751e8b465ee728b)  -> (artifact id: '2a2e1b4317c75a56e0a9ac8368b95c29') in 0.003846 seconds
  Import took 0.011560 seconds .

========================================================================
Received Prepare
Registering precompiled user dll's ...
Registered in 0.008751 seconds.
Begin MonoManager ReloadAssembly
Fallback handler could not load library C:/Program Files/Unity/Hub/Editor/2020.2.1f1/Editor/Data/Mono/lib/libdl
Fallback handler could not load library C:/Program Files/Unity/Hub/Editor/2020.2.1f1/Editor/Data/Mono/lib/libdl.dll
Fallback handler could not load library C:/Program Files/Unity/Hub/Editor/2020.2.1f1/Editor/Data/Mono/lib/libdl
Native extension for WindowsStandalone target not found
Refreshing native plugins compatible for Editor in 1.66 ms, found 4 plugins.
Preloading 0 native plugins for Editor in 0.00 ms.
Invoked RoslynAnalysisRunner static constructor.
RoslynAnalysisRunner will not be running.
RoslynAnalysisRunner has terminated.
Mono: successfully reloaded assembly
Fallback handler could not load library C:/Program Files/Unity/Hub/Editor/2020.2.1f1/Editor/Data/Mono/lib/libdl
Fallback handler could not load library C:/Program Files/Unity/Hub/Editor/2020.2.1f1/Editor/Data/Mono/lib/libdl.dll
Fallback handler could not load library C:/Program Files/Unity/Hub/Editor/2020.2.1f1/Editor/Data/Mono/lib/libdl
Fallback handler could not load library C:/Program Files/Unity/Hub/Editor/2020.2.1f1/Editor/Data/Mono/lib/libdl
Fallback handler could not load library C:/Program Files/Unity/Hub/Editor/2020.2.1f1/Editor/Data/Mono/lib/libdl.dll
Fallback handler could not load library C:/Program Files/Unity/Hub/Editor/2020.2.1f1/Editor/Data/Mono/lib/libdl
- Completed reload, in  1.605 seconds
Platform modules already initialized, skipping
Shader 'Universal Render Pipeline/Particles/Lit': fallback shader 'Universal Render Pipeline/Particles/SimpleLit' not found
Refreshing native plugins compatible for Editor in 1.24 ms, found 4 plugins.
Preloading 0 native plugins for Editor in 0.00 ms.
Unloading 2775 Unused Serialized files (Serialized files now loaded: 0)
System memory in use before: 127.4 MB.
System memory in use after: 127.6 MB.

Unloading 53 unused Assets to reduce memory usage. Loaded Objects now: 3443.
Total: 6.359300 ms (FindLiveObjects: 0.878600 ms CreateObjectMapping: 1.272800 ms MarkObjects: 4.060400 ms  DeleteObjects: 0.143600 ms)

========================================================================
Received Prepare
Registering precompiled user dll's ...
Registered in 0.005380 seconds.
Begin MonoManager ReloadAssembly
Fallback handler could not load library C:/Program Files/Unity/Hub/Editor/2020.2.1f1/Editor/Data/Mono/lib/libdl
Fallback handler could not load library C:/Program Files/Unity/Hub/Editor/2020.2.1f1/Editor/Data/Mono/lib/libdl.dll
Fallback handler could not load library C:/Program Files/Unity/Hub/Editor/2020.2.1f1/Editor/Data/Mono/lib/libdl
Native extension for WindowsStandalone target not found
Refreshing native plugins compatible for Editor in 1.06 ms, found 4 plugins.
Preloading 0 native plugins for Editor in 0.00 ms.
Invoked RoslynAnalysisRunner static constructor.
RoslynAnalysisRunner will not be running.
RoslynAnalysisRunner has terminated.
Mono: successfully reloaded assembly
Fallback handler could not load library C:/Program Files/Unity/Hub/Editor/2020.2.1f1/Editor/Data/Mono/lib/libdl
Fallback handler could not load library C:/Program Files/Unity/Hub/Editor/2020.2.1f1/Editor/Data/Mono/lib/libdl.dll
Fallback handler could not load library C:/Program Files/Unity/Hub/Editor/2020.2.1f1/Editor/Data/Mono/lib/libdl
Fallback handler could not load library C:/Program Files/Unity/Hub/Editor/2020.2.1f1/Editor/Data/Mono/lib/libdl
Fallback handler could not load library C:/Program Files/Unity/Hub/Editor/2020.2.1f1/Editor/Data/Mono/lib/libdl.dll
Fallback handler could not load library C:/Program Files/Unity/Hub/Editor/2020.2.1f1/Editor/Data/Mono/lib/libdl
- Completed reload, in  1.647 seconds
Platform modules already initialized, skipping
Shader 'Universal Render Pipeline/Particles/Lit': fallback shader 'Universal Render Pipeline/Particles/SimpleLit' not found
Refreshing native plugins compatible for Editor in 0.99 ms, found 4 plugins.
Preloading 0 native plugins for Editor in 0.00 ms.
Unloading 2775 Unused Serialized files (Serialized files now loaded: 0)
System memory in use before: 127.4 MB.
System memory in use after: 127.6 MB.

Unloading 53 unused Assets to reduce memory usage. Loaded Objects now: 3445.
Total: 3.862200 ms (FindLiveObjects: 0.659200 ms CreateObjectMapping: 0.447100 ms MarkObjects: 2.654600 ms  DeleteObjects: 0.099000 ms)

========================================================================
Received Prepare
Registering precompiled user dll's ...
Registered in 0.144609 seconds.
Begin MonoManager ReloadAssembly
Fallback handler could not load library C:/Program Files/Unity/Hub/Editor/2020.2.1f1/Editor/Data/Mono/lib/libdl
Fallback handler could not load library C:/Program Files/Unity/Hub/Editor/2020.2.1f1/Editor/Data/Mono/lib/libdl.dll
Fallback handler could not load library C:/Program Files/Unity/Hub/Editor/2020.2.1f1/Editor/Data/Mono/lib/libdl
Native extension for WindowsStandalone target not found
Refreshing native plugins compatible for Editor in 1.33 ms, found 4 plugins.
Preloading 0 native plugins for Editor in 0.00 ms.
Invoked RoslynAnalysisRunner static constructor.
RoslynAnalysisRunner will not be running.
RoslynAnalysisRunner has terminated.
Mono: successfully reloaded assembly
Fallback handler could not load library C:/Program Files/Unity/Hub/Editor/2020.2.1f1/Editor/Data/Mono/lib/libdl
Fallback handler could not load library C:/Program Files/Unity/Hub/Editor/2020.2.1f1/Editor/Data/Mono/lib/libdl.dll
Fallback handler could not load library C:/Program Files/Unity/Hub/Editor/2020.2.1f1/Editor/Data/Mono/lib/libdl
Fallback handler could not load library C:/Program Files/Unity/Hub/Editor/2020.2.1f1/Editor/Data/Mono/lib/libdl
Fallback handler could not load library C:/Program Files/Unity/Hub/Editor/2020.2.1f1/Editor/Data/Mono/lib/libdl.dll
Fallback handler could not load library C:/Program Files/Unity/Hub/Editor/2020.2.1f1/Editor/Data/Mono/lib/libdl
- Completed reload, in  1.483 seconds
Platform modules already initialized, skipping
Shader 'Universal Render Pipeline/Particles/Lit': fallback shader 'Universal Render Pipeline/Particles/SimpleLit' not found
Refreshing native plugins compatible for Editor in 1.08 ms, found 4 plugins.
Preloading 0 native plugins for Editor in 0.00 ms.
Unloading 2775 Unused Serialized files (Serialized files now loaded: 0)
System memory in use before: 127.4 MB.
System memory in use after: 127.6 MB.

Unloading 53 unused Assets to reduce memory usage. Loaded Objects now: 3447.
Total: 3.661300 ms (FindLiveObjects: 0.361300 ms CreateObjectMapping: 0.169100 ms MarkObjects: 2.985900 ms  DeleteObjects: 0.143900 ms)

========================================================================
Received Prepare
Registering precompiled user dll's ...
Registered in 0.005098 seconds.
Begin MonoManager ReloadAssembly
Fallback handler could not load library C:/Program Files/Unity/Hub/Editor/2020.2.1f1/Editor/Data/Mono/lib/libdl
Fallback handler could not load library C:/Program Files/Unity/Hub/Editor/2020.2.1f1/Editor/Data/Mono/lib/libdl.dll
Fallback handler could not load library C:/Program Files/Unity/Hub/Editor/2020.2.1f1/Editor/Data/Mono/lib/libdl
Native extension for WindowsStandalone target not found
Refreshing native plugins compatible for Editor in 1.11 ms, found 4 plugins.
Preloading 0 native plugins for Editor in 0.00 ms.
Invoked RoslynAnalysisRunner static constructor.
RoslynAnalysisRunner will not be running.
RoslynAnalysisRunner has terminated.
Mono: successfully reloaded assembly
Fallback handler could not load library C:/Program Files/Unity/Hub/Editor/2020.2.1f1/Editor/Data/Mono/lib/libdl
Fallback handler could not load library C:/Program Files/Unity/Hub/Editor/2020.2.1f1/Editor/Data/Mono/lib/libdl.dll
Fallback handler could not load library C:/Program Files/Unity/Hub/Editor/2020.2.1f1/Editor/Data/Mono/lib/libdl
Fallback handler could not load library C:/Program Files/Unity/Hub/Editor/2020.2.1f1/Editor/Data/Mono/lib/libdl
Fallback handler could not load library C:/Program Files/Unity/Hub/Editor/2020.2.1f1/Editor/Data/Mono/lib/libdl.dll
Fallback handler could not load library C:/Program Files/Unity/Hub/Editor/2020.2.1f1/Editor/Data/Mono/lib/libdl
- Completed reload, in  1.171 seconds
Platform modules already initialized, skipping
Shader 'Universal Render Pipeline/Particles/Lit': fallback shader 'Universal Render Pipeline/Particles/SimpleLit' not found
Refreshing native plugins compatible for Editor in 1.01 ms, found 4 plugins.
Preloading 0 native plugins for Editor in 0.00 ms.
Unloading 2775 Unused Serialized files (Serialized files now loaded: 0)
System memory in use before: 127.4 MB.
System memory in use after: 127.6 MB.

Unloading 53 unused Assets to reduce memory usage. Loaded Objects now: 3449.
Total: 3.074200 ms (FindLiveObjects: 0.356200 ms CreateObjectMapping: 0.144800 ms MarkObjects: 2.455800 ms  DeleteObjects: 0.116400 ms)

========================================================================
Received Prepare
Registering precompiled user dll's ...
Registered in 0.005736 seconds.
Begin MonoManager ReloadAssembly
Fallback handler could not load library C:/Program Files/Unity/Hub/Editor/2020.2.1f1/Editor/Data/Mono/lib/libdl
Fallback handler could not load library C:/Program Files/Unity/Hub/Editor/2020.2.1f1/Editor/Data/Mono/lib/libdl.dll
Fallback handler could not load library C:/Program Files/Unity/Hub/Editor/2020.2.1f1/Editor/Data/Mono/lib/libdl
Native extension for WindowsStandalone target not found
Refreshing native plugins compatible for Editor in 0.96 ms, found 4 plugins.
Preloading 0 native plugins for Editor in 0.00 ms.
Invoked RoslynAnalysisRunner static constructor.
RoslynAnalysisRunner will not be running.
RoslynAnalysisRunner has terminated.
Mono: successfully reloaded assembly
Fallback handler could not load library C:/Program Files/Unity/Hub/Editor/2020.2.1f1/Editor/Data/Mono/lib/libdl
Fallback handler could not load library C:/Program Files/Unity/Hub/Editor/2020.2.1f1/Editor/Data/Mono/lib/libdl.dll
Fallback handler could not load library C:/Program Files/Unity/Hub/Editor/2020.2.1f1/Editor/Data/Mono/lib/libdl
Fallback handler could not load library C:/Program Files/Unity/Hub/Editor/2020.2.1f1/Editor/Data/Mono/lib/libdl
Fallback handler could not load library C:/Program Files/Unity/Hub/Editor/2020.2.1f1/Editor/Data/Mono/lib/libdl.dll
Fallback handler could not load library C:/Program Files/Unity/Hub/Editor/2020.2.1f1/Editor/Data/Mono/lib/libdl
- Completed reload, in  1.354 seconds
Platform modules already initialized, skipping
Shader 'Universal Render Pipeline/Particles/Lit': fallback shader 'Universal Render Pipeline/Particles/SimpleLit' not found
Refreshing native plugins compatible for Editor in 1.17 ms, found 4 plugins.
Preloading 0 native plugins for Editor in 0.00 ms.
Unloading 2775 Unused Serialized files (Serialized files now loaded: 0)
System memory in use before: 127.4 MB.
System memory in use after: 127.6 MB.

Unloading 53 unused Assets to reduce memory usage. Loaded Objects now: 3451.
Total: 4.056300 ms (FindLiveObjects: 0.657400 ms CreateObjectMapping: 0.324800 ms MarkObjects: 2.973700 ms  DeleteObjects: 0.097900 ms)

========================================================================
Received Prepare
Registering precompiled user dll's ...
Registered in 0.005912 seconds.
Begin MonoManager ReloadAssembly
Fallback handler could not load library C:/Program Files/Unity/Hub/Editor/2020.2.1f1/Editor/Data/Mono/lib/libdl
Fallback handler could not load library C:/Program Files/Unity/Hub/Editor/2020.2.1f1/Editor/Data/Mono/lib/libdl.dll
Fallback handler could not load library C:/Program Files/Unity/Hub/Editor/2020.2.1f1/Editor/Data/Mono/lib/libdl
Native extension for WindowsStandalone target not found
Refreshing native plugins compatible for Editor in 1.05 ms, found 4 plugins.
Preloading 0 native plugins for Editor in 0.00 ms.
Invoked RoslynAnalysisRunner static constructor.
RoslynAnalysisRunner will not be running.
RoslynAnalysisRunner has terminated.
Mono: successfully reloaded assembly
Fallback handler could not load library C:/Program Files/Unity/Hub/Editor/2020.2.1f1/Editor/Data/Mono/lib/libdl
Fallback handler could not load library C:/Program Files/Unity/Hub/Editor/2020.2.1f1/Editor/Data/Mono/lib/libdl.dll
Fallback handler could not load library C:/Program Files/Unity/Hub/Editor/2020.2.1f1/Editor/Data/Mono/lib/libdl
Fallback handler could not load library C:/Program Files/Unity/Hub/Editor/2020.2.1f1/Editor/Data/Mono/lib/libdl
Fallback handler could not load library C:/Program Files/Unity/Hub/Editor/2020.2.1f1/Editor/Data/Mono/lib/libdl.dll
Fallback handler could not load library C:/Program Files/Unity/Hub/Editor/2020.2.1f1/Editor/Data/Mono/lib/libdl
- Completed reload, in  1.122 seconds
Platform modules already initialized, skipping
Shader 'Universal Render Pipeline/Particles/Lit': fallback shader 'Universal Render Pipeline/Particles/SimpleLit' not found
Refreshing native plugins compatible for Editor in 1.12 ms, found 4 plugins.
Preloading 0 native plugins for Editor in 0.00 ms.
Unloading 2775 Unused Serialized files (Serialized files now loaded: 0)
System memory in use before: 127.4 MB.
System memory in use after: 127.6 MB.

Unloading 53 unused Assets to reduce memory usage. Loaded Objects now: 3453.
Total: 3.432100 ms (FindLiveObjects: 0.366700 ms CreateObjectMapping: 0.188300 ms MarkObjects: 2.776200 ms  DeleteObjects: 0.099700 ms)

========================================================================
Received Prepare
Registering precompiled user dll's ...
Registered in 0.005883 seconds.
Begin MonoManager ReloadAssembly
Fallback handler could not load library C:/Program Files/Unity/Hub/Editor/2020.2.1f1/Editor/Data/Mono/lib/libdl
Fallback handler could not load library C:/Program Files/Unity/Hub/Editor/2020.2.1f1/Editor/Data/Mono/lib/libdl.dll
Fallback handler could not load library C:/Program Files/Unity/Hub/Editor/2020.2.1f1/Editor/Data/Mono/lib/libdl
Native extension for WindowsStandalone target not found
Refreshing native plugins compatible for Editor in 1.03 ms, found 4 plugins.
Preloading 0 native plugins for Editor in 0.00 ms.
Invoked RoslynAnalysisRunner static constructor.
RoslynAnalysisRunner will not be running.
RoslynAnalysisRunner has terminated.
Mono: successfully reloaded assembly
Fallback handler could not load library C:/Program Files/Unity/Hub/Editor/2020.2.1f1/Editor/Data/Mono/lib/libdl
Fallback handler could not load library C:/Program Files/Unity/Hub/Editor/2020.2.1f1/Editor/Data/Mono/lib/libdl.dll
Fallback handler could not load library C:/Program Files/Unity/Hub/Editor/2020.2.1f1/Editor/Data/Mono/lib/libdl
Fallback handler could not load library C:/Program Files/Unity/Hub/Editor/2020.2.1f1/Editor/Data/Mono/lib/libdl
Fallback handler could not load library C:/Program Files/Unity/Hub/Editor/2020.2.1f1/Editor/Data/Mono/lib/libdl.dll
Fallback handler could not load library C:/Program Files/Unity/Hub/Editor/2020.2.1f1/Editor/Data/Mono/lib/libdl
- Completed reload, in  1.154 seconds
Platform modules already initialized, skipping
Shader 'Universal Render Pipeline/Particles/Lit': fallback shader 'Universal Render Pipeline/Particles/SimpleLit' not found
Refreshing native plugins compatible for Editor in 1.16 ms, found 4 plugins.
Preloading 0 native plugins for Editor in 0.00 ms.
Unloading 2775 Unused Serialized files (Serialized files now loaded: 0)
System memory in use before: 127.4 MB.
System memory in use after: 127.6 MB.

Unloading 53 unused Assets to reduce memory usage. Loaded Objects now: 3455.
Total: 3.336900 ms (FindLiveObjects: 0.434600 ms CreateObjectMapping: 0.144800 ms MarkObjects: 2.638000 ms  DeleteObjects: 0.118000 ms)

========================================================================
Received Prepare
Registering precompiled user dll's ...
Registered in 0.005241 seconds.
Begin MonoManager ReloadAssembly
Fallback handler could not load library C:/Program Files/Unity/Hub/Editor/2020.2.1f1/Editor/Data/Mono/lib/libdl
Fallback handler could not load library C:/Program Files/Unity/Hub/Editor/2020.2.1f1/Editor/Data/Mono/lib/libdl.dll
Fallback handler could not load library C:/Program Files/Unity/Hub/Editor/2020.2.1f1/Editor/Data/Mono/lib/libdl
Native extension for WindowsStandalone target not found
Refreshing native plugins compatible for Editor in 1.36 ms, found 4 plugins.
Preloading 0 native plugins for Editor in 0.00 ms.
Invoked RoslynAnalysisRunner static constructor.
RoslynAnalysisRunner will not be running.
RoslynAnalysisRunner has terminated.
Mono: successfully reloaded assembly
Fallback handler could not load library C:/Program Files/Unity/Hub/Editor/2020.2.1f1/Editor/Data/Mono/lib/libdl
Fallback handler could not load library C:/Program Files/Unity/Hub/Editor/2020.2.1f1/Editor/Data/Mono/lib/libdl.dll
Fallback handler could not load library C:/Program Files/Unity/Hub/Editor/2020.2.1f1/Editor/Data/Mono/lib/libdl
Fallback handler could not load library C:/Program Files/Unity/Hub/Editor/2020.2.1f1/Editor/Data/Mono/lib/libdl
Fallback handler could not load library C:/Program Files/Unity/Hub/Editor/2020.2.1f1/Editor/Data/Mono/lib/libdl.dll
Fallback handler could not load library C:/Program Files/Unity/Hub/Editor/2020.2.1f1/Editor/Data/Mono/lib/libdl
- Completed reload, in  1.691 seconds
Platform modules already initialized, skipping
Shader 'Universal Render Pipeline/Particles/Lit': fallback shader 'Universal Render Pipeline/Particles/SimpleLit' not found
Refreshing native plugins compatible for Editor in 1.26 ms, found 4 plugins.
Preloading 0 native plugins for Editor in 0.00 ms.
Unloading 2775 Unused Serialized files (Serialized files now loaded: 0)
System memory in use before: 127.4 MB.
System memory in use after: 127.6 MB.

Unloading 53 unused Assets to reduce memory usage. Loaded Objects now: 3457.
Total: 5.079000 ms (FindLiveObjects: 0.831800 ms CreateObjectMapping: 0.498500 ms MarkObjects: 3.629500 ms  DeleteObjects: 0.116900 ms)

========================================================================
Received Import Request.
  Time since last request: 4161.724013 seconds.
  path: Assets/06_Scripts/GameSpecifics/CharacteristicsScriptable.cs
  artifactKey: Guid(456229038923d854ba6b539ebff5bcdf) Importer(815301076,1909f56bfc062723c751e8b465ee728b)
Start importing Assets/06_Scripts/GameSpecifics/CharacteristicsScriptable.cs using Guid(456229038923d854ba6b539ebff5bcdf) Importer(815301076,1909f56bfc062723c751e8b465ee728b)  -> (artifact id: '604be3024c3e9ed458e28d286260015d') in 0.033883 seconds
  Import took 0.063044 seconds .

